-----BEGIN PGP MESSAGE-----
Version: BCPG v1.43

owJ4nJvAy8zAxJikfHH73///KhlPT0wSz8lMTs0rTnXLzEn1S8xN1fVMz8svSk3x
N77RoKyrqwCVVkgDyvNyKYdklCq4pSYpGFgqGJpaGRtYGRkrOLuGKBgZGBrxcmUW
F5em6qYklqTaggT0DIDIkpcrNSWzJDM/zzYltSw1J78gNzWvhJerLDEnMwVVrZEF
L1cnkxELAyMTgwwrE8gJojIhqcUlIfn5OS4QzalF3qmVDFycAjBPTOvl/yu0fE5H
zvsigT9//hkasNyqUO56dS94cp7rd/9+P/E7L2zzjb5vO3R6t3up5RJOd97HZ8U+
rP2q6SfacfjczGM7tx/7YhJXk/xuxwad9I/CHd6bFwnVvqi+qXpWO955nnobc+GU
A00/Ay6XSDn8SM2Jv7Rj20/3+qiZZ1Q5zwQuTZqWyfRoVfgi3/5sVp00x03t6pKb
550R1LTsKC9a63T50puIWZPmcTgtM/15e6nWguvbrJatLbqiPGvyBKG3Ud0G6+e9
vB7v5/Z13e7bqUlvWi+2T7ly9tj+nZulbW/uftV2ve34h0lb/iyY/el47JHjbbq5
vQ73grLmTNr87OadpVuuH2E5EhZgtdjy9qv9p7wLvst0Tz5yQbFpug+T+Yn1Z0RO
LP4a+eaj1WGN80f3XTzx6dOV5dzzzsfeckw62Km+mJnjE2OtZVGd3wX+BdZX1uh0
3lHvvu5ybIJ5fmPAFJ6tMirvTAVv+h+v558rErOrUK0jOOnXxoW6LxefM6iS9d7E
UPsr6FOaq1fSnf8rGyofzzxeKv7uCXvY9dBvGexxkx0Tdmz7d7TRVUC6pFCshOtu
W5y9XSzfoy2vtl+9dd09rOTrkSeRiq3vOL1/GLMWiTQk+Kdppzxu6OZ8FqChOve0
fL9vf+Sh65yvjrtaqzutbRBLDHgzJbfmbsS6vQI5nTEbREMd3iUty5OWrL5ZkxfN
JeNzlSPaK3U2AJzOTU8=
=iVJl
-----END PGP MESSAGE-----
